<?xml version="1.0" encoding="UTF-8"?>
<testng-results ignored="0" total="1" passed="1" failed="0" skipped="0">
  <reporter-output>
  </reporter-output>
  <suite started-at="2024-07-25T11:46:57 IST" name="Suite" finished-at="2024-07-25T11:47:23 IST" duration-ms="26072">
    <groups>
    </groups>
    <test started-at="2024-07-25T11:46:57 IST" name="Test" finished-at="2024-07-25T11:47:23 IST" duration-ms="26072">
      <class name="orangeHRM_TC.LoginTest">
        <test-method is-config="true" signature="setup()[pri:0, instance:orangeHRM_TC.LoginTest@5c33f1a9]" started-at="2024-07-25T11:46:57 IST" name="setup" finished-at="2024-07-25T11:47:14 IST" duration-ms="17158" status="PASS">
          <reporter-output>
          </reporter-output>
        </test-method> <!-- setup -->
        <test-method signature="loginwithvalidcred()[pri:0, instance:orangeHRM_TC.LoginTest@5c33f1a9]" started-at="2024-07-25T11:47:14 IST" name="loginwithvalidcred" description="Validate whether the login of customer is successful with valid credentials" finished-at="2024-07-25T11:47:23 IST" duration-ms="8872" status="PASS">
          <reporter-output>
          </reporter-output>
        </test-method> <!-- loginwithvalidcred -->
      </class> <!-- orangeHRM_TC.LoginTest -->
    </test> <!-- Test -->
  </suite> <!-- Suite -->
</testng-results>
